  Wiederherzustellende Projekte werden ermittelt...
C:\Users\Phillip\SCHULE\SJ202425\Diplomarbeit\EduShelf-Welt-Rubak\EduShelf.Api.Tests\EduShelf.Api.Tests.csproj : error NU1605: Warnung als Fehler: Ein Downgrade des Pakets "Microsoft.Extensions.Http.Polly" von 10.0.3 auf 8.0.0 wurde festgestellt. Verweisen Sie direkt aus dem Projekt auf das Paket, um eine andere Version auszuwählen. 
C:\Users\Phillip\SCHULE\SJ202425\Diplomarbeit\EduShelf-Welt-Rubak\EduShelf.Api.Tests\EduShelf.Api.Tests.csproj : error NU1605:  EduShelf.Api.Tests -> EduShelf.Api -> Microsoft.Extensions.Http.Polly (>= 10.0.3) 
C:\Users\Phillip\SCHULE\SJ202425\Diplomarbeit\EduShelf-Welt-Rubak\EduShelf.Api.Tests\EduShelf.Api.Tests.csproj : error NU1605:  EduShelf.Api.Tests -> Microsoft.Extensions.Http.Polly (>= 8.0.0)
  Fehler beim Wiederherstellen von "C:\Users\Phillip\SCHULE\SJ202425\Diplomarbeit\EduShelf-Welt-Rubak\EduShelf.Api.Tests\EduShelf.Api.Tests.csproj" (in "1,08 Sek.").
  1 von 2 Projekten sind für die Wiederherstellung auf dem neuesten Stand.

Fehler beim Buildvorgang.

C:\Users\Phillip\SCHULE\SJ202425\Diplomarbeit\EduShelf-Welt-Rubak\EduShelf.Api.Tests\EduShelf.Api.Tests.csproj : error NU1605: Warnung als Fehler: Ein Downgrade des Pakets "Microsoft.Extensions.Http.Polly" von 10.0.3 auf 8.0.0 wurde festgestellt. Verweisen Sie direkt aus dem Projekt auf das Paket, um eine andere Version auszuwählen. 
C:\Users\Phillip\SCHULE\SJ202425\Diplomarbeit\EduShelf-Welt-Rubak\EduShelf.Api.Tests\EduShelf.Api.Tests.csproj : error NU1605:  EduShelf.Api.Tests -> EduShelf.Api -> Microsoft.Extensions.Http.Polly (>= 10.0.3) 
C:\Users\Phillip\SCHULE\SJ202425\Diplomarbeit\EduShelf-Welt-Rubak\EduShelf.Api.Tests\EduShelf.Api.Tests.csproj : error NU1605:  EduShelf.Api.Tests -> Microsoft.Extensions.Http.Polly (>= 8.0.0)
    0 Warnung(en)
    1 Fehler

Verstrichene Zeit 00:00:02.78
