  Wiederherzustellende Projekte werden ermittelt...
  Alle Projekte sind f├╝r die Wiederherstellung auf dem neuesten Stand.
  EduShelf.Api -> c:\Users\Phillip\SCHULE\SJ202425\Diplomarbeit\EduShelf-Welt-Rubak\EduShelf.Api\bin\Debug\net8.0\EduShelf.Api.dll
c:\Users\Phillip\SCHULE\SJ202425\Diplomarbeit\EduShelf-Welt-Rubak\EduShelf.Api.Tests\ChatServiceTests.cs(35,31): error CS7036: Es wurde kein Argument angegeben, das dem erforderlichen Parameter "configuration" von "ApiDbContext.ApiDbContext(DbContextOptions<ApiDbContext>, IConfiguration)" entspricht. [c:\Users\Phillip\SCHULE\SJ202425\Diplomarbeit\EduShelf-Welt-Rubak\EduShelf.Api.Tests\EduShelf.Api.Tests.csproj]
c:\Users\Phillip\SCHULE\SJ202425\Diplomarbeit\EduShelf-Welt-Rubak\EduShelf.Api.Tests\ChatServiceTests.cs(30,16): warning CS8618: Non-Nullable-Feld ÔÇ×_mockIntentDetectionServiceÔÇ£ muss beim Beenden des Konstruktors einen Wert ungleich NULL enthalten. F├╝gen Sie ggf. den ÔÇ×erforderlichenÔÇ£ Modifizierer hinzu, oder deklarieren Sie den Feld als NULL-Werte zulassend. [c:\Users\Phillip\SCHULE\SJ202425\Diplomarbeit\EduShelf-Welt-Rubak\EduShelf.Api.Tests\EduShelf.Api.Tests.csproj]
c:\Users\Phillip\SCHULE\SJ202425\Diplomarbeit\EduShelf-Welt-Rubak\EduShelf.Api.Tests\ChatServiceTests.cs(30,16): warning CS8618: Non-Nullable-Feld ÔÇ×_mockRetrievalServiceÔÇ£ muss beim Beenden des Konstruktors einen Wert ungleich NULL enthalten. F├╝gen Sie ggf. den ÔÇ×erforderlichenÔÇ£ Modifizierer hinzu, oder deklarieren Sie den Feld als NULL-Werte zulassend. [c:\Users\Phillip\SCHULE\SJ202425\Diplomarbeit\EduShelf-Welt-Rubak\EduShelf.Api.Tests\EduShelf.Api.Tests.csproj]
c:\Users\Phillip\SCHULE\SJ202425\Diplomarbeit\EduShelf-Welt-Rubak\EduShelf.Api.Tests\ChatServiceTests.cs(30,16): warning CS8618: Non-Nullable-Feld ÔÇ×_mockPromptGenerationServiceÔÇ£ muss beim Beenden des Konstruktors einen Wert ungleich NULL enthalten. F├╝gen Sie ggf. den ÔÇ×erforderlichenÔÇ£ Modifizierer hinzu, oder deklarieren Sie den Feld als NULL-Werte zulassend. [c:\Users\Phillip\SCHULE\SJ202425\Diplomarbeit\EduShelf-Welt-Rubak\EduShelf.Api.Tests\EduShelf.Api.Tests.csproj]
c:\Users\Phillip\SCHULE\SJ202425\Diplomarbeit\EduShelf-Welt-Rubak\EduShelf.Api.Tests\DocumentsControllerTests.cs(33,28): error CS7036: Es wurde kein Argument angegeben, das dem erforderlichen Parameter "configuration" von "ApiDbContext.ApiDbContext(DbContextOptions<ApiDbContext>, IConfiguration)" entspricht. [c:\Users\Phillip\SCHULE\SJ202425\Diplomarbeit\EduShelf-Welt-Rubak\EduShelf.Api.Tests\EduShelf.Api.Tests.csproj]
c:\Users\Phillip\SCHULE\SJ202425\Diplomarbeit\EduShelf-Welt-Rubak\EduShelf.Api.Tests\ChatServiceTests.cs(113,37): error CS7036: Es wurde kein Argument angegeben, das dem erforderlichen Parameter "configuration" von "ApiDbContext.ApiDbContext(DbContextOptions<ApiDbContext>, IConfiguration)" entspricht. [c:\Users\Phillip\SCHULE\SJ202425\Diplomarbeit\EduShelf-Welt-Rubak\EduShelf.Api.Tests\EduShelf.Api.Tests.csproj]
c:\Users\Phillip\SCHULE\SJ202425\Diplomarbeit\EduShelf-Welt-Rubak\EduShelf.Api.Tests\ChatServiceTests.cs(116,35): error CS0117: "User" enth├ñlt keine Definition f├╝r "Id". [c:\Users\Phillip\SCHULE\SJ202425\Diplomarbeit\EduShelf-Welt-Rubak\EduShelf.Api.Tests\EduShelf.Api.Tests.csproj]
c:\Users\Phillip\SCHULE\SJ202425\Diplomarbeit\EduShelf-Welt-Rubak\EduShelf.Api.Tests\ChatServiceTests.cs(145,37): error CS7036: Es wurde kein Argument angegeben, das dem erforderlichen Parameter "configuration" von "ApiDbContext.ApiDbContext(DbContextOptions<ApiDbContext>, IConfiguration)" entspricht. [c:\Users\Phillip\SCHULE\SJ202425\Diplomarbeit\EduShelf-Welt-Rubak\EduShelf.Api.Tests\EduShelf.Api.Tests.csproj]
c:\Users\Phillip\SCHULE\SJ202425\Diplomarbeit\EduShelf-Welt-Rubak\EduShelf.Api.Tests\ChatServiceTests.cs(166,37): error CS7036: Es wurde kein Argument angegeben, das dem erforderlichen Parameter "configuration" von "ApiDbContext.ApiDbContext(DbContextOptions<ApiDbContext>, IConfiguration)" entspricht. [c:\Users\Phillip\SCHULE\SJ202425\Diplomarbeit\EduShelf-Welt-Rubak\EduShelf.Api.Tests\EduShelf.Api.Tests.csproj]
c:\Users\Phillip\SCHULE\SJ202425\Diplomarbeit\EduShelf-Welt-Rubak\EduShelf.Api.Tests\ChatServiceTests.cs(168,35): error CS0117: "User" enth├ñlt keine Definition f├╝r "Id". [c:\Users\Phillip\SCHULE\SJ202425\Diplomarbeit\EduShelf-Welt-Rubak\EduShelf.Api.Tests\EduShelf.Api.Tests.csproj]
c:\Users\Phillip\SCHULE\SJ202425\Diplomarbeit\EduShelf-Welt-Rubak\EduShelf.Api.Tests\ChatServiceTests.cs(24,49): warning CS0169: Das Feld "ChatServiceTests._mockRetrievalService" wird nie verwendet. [c:\Users\Phillip\SCHULE\SJ202425\Diplomarbeit\EduShelf-Welt-Rubak\EduShelf.Api.Tests\EduShelf.Api.Tests.csproj]
c:\Users\Phillip\SCHULE\SJ202425\Diplomarbeit\EduShelf-Welt-Rubak\EduShelf.Api.Tests\ChatServiceTests.cs(23,55): warning CS0169: Das Feld "ChatServiceTests._mockIntentDetectionService" wird nie verwendet. [c:\Users\Phillip\SCHULE\SJ202425\Diplomarbeit\EduShelf-Welt-Rubak\EduShelf.Api.Tests\EduShelf.Api.Tests.csproj]
c:\Users\Phillip\SCHULE\SJ202425\Diplomarbeit\EduShelf-Welt-Rubak\EduShelf.Api.Tests\ChatServiceTests.cs(25,56): warning CS0169: Das Feld "ChatServiceTests._mockPromptGenerationService" wird nie verwendet. [c:\Users\Phillip\SCHULE\SJ202425\Diplomarbeit\EduShelf-Welt-Rubak\EduShelf.Api.Tests\EduShelf.Api.Tests.csproj]
